<?xml version="1.0" encoding="UTF-8" standalone="no"?>
<testsuite errors="0" failures="4" name="io.cucumber.core.plugin.JUnitFormatter" skipped="0" tests="10" time="110.745">
<testcase classname="guest user could register with valid data successfully" name="user register wih valid data" time="19.973">
<failure message="no such element: Unable to locate element: {&quot;method&quot;:&quot;css selector&quot;,&quot;selector&quot;:&quot;.result&quot;}&#10;  (Session info: chrome=102.0.5005.63)&#10;For documentation on this error, please visit: https://selenium.dev/exceptions/#no_such_element&#10;Build info: version: '4.1.4', revision: '535d840ee2'&#10;System info: host: 'DESKTOP-KC6EIQE', ip: '192.168.1.4', os.name: 'Windows 10', os.arch: 'amd64', os.version: '10.0', java.version: '1.8.0_333'&#10;Driver info: org.openqa.selenium.chrome.ChromeDriver&#10;Command: [ae648b8beb4745c8c0aa310c52ce2a1b, findElement {using=class name, value=result}]&#10;Capabilities {acceptInsecureCerts: false, browserName: chrome, browserVersion: 102.0.5005.63, chrome: {chromedriverVersion: 102.0.5005.61 (0e59bcc00cc4..., userDataDir: C:\Users\Admin\AppData\Loca...}, goog:chromeOptions: {debuggerAddress: localhost:54771}, javascriptEnabled: true, networkConnectionEnabled: false, pageLoadStrategy: normal, platform: WINDOWS, platformName: WINDOWS, proxy: Proxy(), se:cdp: ws://localhost:54771/devtoo..., se:cdpVersion: 102.0.5005.63, setWindowRect: true, strictFileInteractability: false, timeouts: {implicit: 0, pageLoad: 300000, script: 30000}, unhandledPromptBehavior: dismiss and notify, webauthn:extension:credBlob: true, webauthn:extension:largeBlob: true, webauthn:virtualAuthenticators: true}&#10;Session ID: ae648b8beb4745c8c0aa310c52ce2a1b" type="org.openqa.selenium.NoSuchElementException"><![CDATA[Given user click on register................................................passed
And user enter personal valid data..........................................passed
When user enter password....................................................passed
And user click on register button...........................................passed
Then user get success message...............................................failed

StackTrace:
org.openqa.selenium.NoSuchElementException: no such element: Unable to locate element: {"method":"css selector","selector":".result"}
  (Session info: chrome=102.0.5005.63)
For documentation on this error, please visit: https://selenium.dev/exceptions/#no_such_element
Build info: version: '4.1.4', revision: '535d840ee2'
System info: host: 'DESKTOP-KC6EIQE', ip: '192.168.1.4', os.name: 'Windows 10', os.arch: 'amd64', os.version: '10.0', java.version: '1.8.0_333'
Driver info: org.openqa.selenium.chrome.ChromeDriver
Command: [ae648b8beb4745c8c0aa310c52ce2a1b, findElement {using=class name, value=result}]
Capabilities {acceptInsecureCerts: false, browserName: chrome, browserVersion: 102.0.5005.63, chrome: {chromedriverVersion: 102.0.5005.61 (0e59bcc00cc4..., userDataDir: C:\Users\Admin\AppData\Loca...}, goog:chromeOptions: {debuggerAddress: localhost:54771}, javascriptEnabled: true, networkConnectionEnabled: false, pageLoadStrategy: normal, platform: WINDOWS, platformName: WINDOWS, proxy: Proxy(), se:cdp: ws://localhost:54771/devtoo..., se:cdpVersion: 102.0.5005.63, setWindowRect: true, strictFileInteractability: false, timeouts: {implicit: 0, pageLoad: 300000, script: 30000}, unhandledPromptBehavior: dismiss and notify, webauthn:extension:credBlob: true, webauthn:extension:largeBlob: true, webauthn:virtualAuthenticators: true}
Session ID: ae648b8beb4745c8c0aa310c52ce2a1b
	at sun.reflect.NativeConstructorAccessorImpl.newInstance0(Native Method)
	at sun.reflect.NativeConstructorAccessorImpl.newInstance(NativeConstructorAccessorImpl.java:62)
	at sun.reflect.DelegatingConstructorAccessorImpl.newInstance(DelegatingConstructorAccessorImpl.java:45)
	at java.lang.reflect.Constructor.newInstance(Constructor.java:423)
	at org.openqa.selenium.remote.codec.w3c.W3CHttpResponseCodec.createException(W3CHttpResponseCodec.java:200)
	at org.openqa.selenium.remote.codec.w3c.W3CHttpResponseCodec.decode(W3CHttpResponseCodec.java:133)
	at org.openqa.selenium.remote.codec.w3c.W3CHttpResponseCodec.decode(W3CHttpResponseCodec.java:53)
	at org.openqa.selenium.remote.HttpCommandExecutor.execute(HttpCommandExecutor.java:184)
	at org.openqa.selenium.remote.service.DriverCommandExecutor.invokeExecute(DriverCommandExecutor.java:167)
	at org.openqa.selenium.remote.service.DriverCommandExecutor.execute(DriverCommandExecutor.java:142)
	at org.openqa.selenium.remote.RemoteWebDriver.execute(RemoteWebDriver.java:567)
	at org.openqa.selenium.remote.ElementLocation$ElementFinder$2.findElement(ElementLocation.java:162)
	at org.openqa.selenium.remote.ElementLocation.findElement(ElementLocation.java:60)
	at org.openqa.selenium.remote.RemoteWebDriver.findElement(RemoteWebDriver.java:385)
	at org.openqa.selenium.remote.RemoteWebDriver.findElement(RemoteWebDriver.java:377)
	at stepDefinitions.D01_registerstepdef.success_msg(D01_registerstepdef.java:55)
	at ✽.user get success message(file:///C:/Users/Admin/IdeaProjects/E-CommerceTesT/src/main/resources/UserStories/F01_register.feature:14)
]]></failure>
</testcase>
<testcase classname="User Could login with valid data" name="user login with valid data" time="8.819">
<failure message="The following asserts failed:&#10;&#9;expected [true] but found [true]" type="java.lang.AssertionError"><![CDATA[Given user click on login tab...............................................passed
And user enter valid email and password.....................................passed
Then user click on login button.............................................failed

StackTrace:
java.lang.AssertionError: The following asserts failed:
	expected [true] but found [true]
	at org.testng.asserts.SoftAssert.assertAll(SoftAssert.java:46)
	at org.testng.asserts.SoftAssert.assertAll(SoftAssert.java:30)
	at stepDefinitions.D02_loginstepdef.login_button(D02_loginstepdef.java:33)
	at ✽.user click on login button(file:///C:/Users/Admin/IdeaProjects/E-CommerceTesT/src/main/resources/UserStories/F02_login.feature:8)
]]></failure>
</testcase>
<testcase classname="user could switch between currencies" name="user could select currency" time="9.883">
<system-out><![CDATA[When user navigate to home page and select currency.........................passed
Then user choose euro.......................................................passed
]]></system-out>
</testcase>
<testcase classname="user could hover categories and select sub category" name="user could hover categories" time="8.045">
<system-out><![CDATA[When user hover category and select subcategory.............................passed
]]></system-out>
</testcase>
<testcase classname="user will be able to open sliders in home page" name="first slider is clickable on home page" time="6.948">
<failure message="expected [https://demo.nopcommerce.com/nokia-lumia-1020] but found [https://demo.nopcommerce.com/]" type="java.lang.AssertionError"><![CDATA[When user click on first slider.............................................passed
Then relative product for first slider is appeared..........................failed

StackTrace:
java.lang.AssertionError: expected [https://demo.nopcommerce.com/nokia-lumia-1020] but found [https://demo.nopcommerce.com/]
	at org.testng.Assert.fail(Assert.java:110)
	at org.testng.Assert.failNotEquals(Assert.java:1413)
	at org.testng.Assert.assertEqualsImpl(Assert.java:149)
	at org.testng.Assert.assertEquals(Assert.java:131)
	at org.testng.Assert.assertEquals(Assert.java:655)
	at org.testng.Assert.assertEquals(Assert.java:665)
	at stepDefinitions.D06_homesliderstepdef.first_slider_appeared(D06_homesliderstepdef.java:18)
	at ✽.relative product for first slider is appeared(file:///C:/Users/Admin/IdeaProjects/E-CommerceTesT/src/main/resources/UserStories/F06_homeslider.feature:9)
]]></failure>
</testcase>
<testcase classname="user will be able to open sliders in home page" name="Second slider is clickable on home page" time="4.989">
<failure message="expected [https://demo.nopcommerce.com/iphones6] but found [https://demo.nopcommerce.com/]" type="java.lang.AssertionError"><![CDATA[When user click on second slider............................................passed
Then relative product for second slider is displayed........................failed

StackTrace:
java.lang.AssertionError: expected [https://demo.nopcommerce.com/iphones6] but found [https://demo.nopcommerce.com/]
	at org.testng.Assert.fail(Assert.java:110)
	at org.testng.Assert.failNotEquals(Assert.java:1413)
	at org.testng.Assert.assertEqualsImpl(Assert.java:149)
	at org.testng.Assert.assertEquals(Assert.java:131)
	at org.testng.Assert.assertEquals(Assert.java:655)
	at org.testng.Assert.assertEquals(Assert.java:665)
	at stepDefinitions.D06_homesliderstepdef.relative_product_for_second_slider_is_displayed(D06_homesliderstepdef.java:31)
	at ✽.relative product for second slider is displayed(file:///C:/Users/Admin/IdeaProjects/E-CommerceTesT/src/main/resources/UserStories/F06_homeslider.feature:14)
]]></failure>
</testcase>
<testcase classname="user could open followUs links" name="user could open facebook and push follow us" time="11.633">
<system-out><![CDATA[When user open facebook page................................................passed
Then facebook is opened.....................................................passed
]]></system-out>
</testcase>
<testcase classname="user could open followUs links" name="user could open site and push follow us twitter" time="12.401">
<system-out><![CDATA[When user open twitter page.................................................passed
Then twitter is opened......................................................passed
]]></system-out>
</testcase>
<testcase classname="user could add products to wishList" name="success message is visible after adding product to wishlist" time="11.571">
<system-out><![CDATA[When user add product to wishlist...........................................passed
Then wishlist notification success is visible...............................passed
]]></system-out>
</testcase>
<testcase classname="user could add products to shopping cart" name="success message is visible after adding product to shopping cart" time="16.219">
<system-out><![CDATA[When user add product to shopping cart......................................passed
Then shopping chart notification success is visible.........................passed
]]></system-out>
</testcase>
</testsuite>
